2025-05-30 16:19:10,569 - INFO - root - Hello! This is Joey-NMT (version 2.2.0).
2025-05-30 16:19:10,773 - INFO - joeynmt.model - Building an encoder-decoder model...
2025-05-30 16:19:11,855 - INFO - joeynmt.model - Enc-dec model built.
2025-05-30 16:19:12,711 - INFO - joeynmt.helpers - Load model from C:\Users\gabri\OneDrive\Documents\GitHub\mt-exercise-4\models\transformer_enit_bpe\91000.ckpt.
2025-05-30 16:19:12,876 - INFO - joeynmt.tokenizers - de tokenizer: SubwordNMTTokenizer(level=bpe, lowercase=False, normalize=False, filter_by_length=(-1, -1), pretokenizer=none, tokenizer=BPE, separator=@@, dropout=0.0)
2025-05-30 16:19:12,910 - INFO - joeynmt.tokenizers - nl tokenizer: SubwordNMTTokenizer(level=bpe, lowercase=False, normalize=False, filter_by_length=(-1, -1), pretokenizer=none, tokenizer=BPE, separator=@@, dropout=0.0)
2025-05-30 16:19:12,993 - WARNING - joeynmt.helpers - `alpha` option is obsolete. Please use `beam_alpha`, instead.
2025-05-30 16:19:13,031 - INFO - joeynmt.prediction - Predicting 1779 example(s)... (Beam search with beam_size=3, beam_alpha=1.0, n_best=1, min_output_length=1, max_output_length=-1, return_prob='none', generate_unk=True, repetition_penalty=-1, no_repeat_ngram_size=-1)
2025-05-30 16:22:39,745 - INFO - joeynmt.prediction - Generation took 206.6353[sec]. (No references given)
2025-06-01 21:14:41,381 - INFO - root - Hello! This is Joey-NMT (version 2.2.0).
2025-06-01 21:14:41,419 - INFO - joeynmt.model - Building an encoder-decoder model...
2025-06-01 21:14:41,488 - INFO - joeynmt.model - Enc-dec model built.
2025-06-01 21:18:40,586 - INFO - root - Hello! This is Joey-NMT (version 2.2.0).
2025-06-01 21:18:40,639 - INFO - joeynmt.model - Building an encoder-decoder model...
2025-06-01 21:18:40,704 - INFO - joeynmt.model - Enc-dec model built.
2025-06-01 21:18:57,994 - INFO - root - Hello! This is Joey-NMT (version 2.2.0).
2025-06-01 21:18:58,035 - INFO - joeynmt.model - Building an encoder-decoder model...
2025-06-01 21:18:58,100 - INFO - joeynmt.model - Enc-dec model built.
2025-06-01 21:23:56,881 - INFO - root - Hello! This is Joey-NMT (version 2.2.0).
2025-06-01 21:23:56,936 - INFO - joeynmt.model - Building an encoder-decoder model...
2025-06-01 21:23:56,999 - INFO - joeynmt.model - Enc-dec model built.
2025-06-01 21:24:45,472 - INFO - root - Hello! This is Joey-NMT (version 2.2.0).
2025-06-01 21:24:45,524 - INFO - joeynmt.model - Building an encoder-decoder model...
2025-06-01 21:24:45,608 - INFO - joeynmt.model - Enc-dec model built.
2025-06-01 21:28:08,005 - INFO - root - Hello! This is Joey-NMT (version 2.2.0).
2025-06-01 21:28:08,039 - INFO - joeynmt.model - Building an encoder-decoder model...
2025-06-01 21:28:08,134 - INFO - joeynmt.model - Enc-dec model built.
2025-06-01 21:42:05,149 - INFO - root - Hello! This is Joey-NMT (version 2.2.0).
2025-06-01 21:42:05,189 - INFO - joeynmt.model - Building an encoder-decoder model...
2025-06-01 21:42:05,268 - INFO - joeynmt.model - Enc-dec model built.
2025-06-01 21:50:29,621 - INFO - root - Hello! This is Joey-NMT (version 2.2.0).
2025-06-01 21:50:29,673 - INFO - joeynmt.model - Building an encoder-decoder model...
2025-06-01 21:50:29,743 - INFO - joeynmt.model - Enc-dec model built.
2025-06-01 23:17:45,750 - INFO - root - Hello! This is Joey-NMT (version 2.2.0).
2025-06-01 23:17:45,852 - INFO - joeynmt.model - Building an encoder-decoder model...
2025-06-01 23:17:46,909 - INFO - joeynmt.model - Enc-dec model built.
2025-06-01 23:23:06,265 - INFO - root - Hello! This is Joey-NMT (version 2.2.0).
2025-06-01 23:23:06,366 - INFO - joeynmt.model - Building an encoder-decoder model...
2025-06-01 23:23:07,377 - INFO - joeynmt.model - Enc-dec model built.
2025-06-01 23:23:32,845 - INFO - root - Hello! This is Joey-NMT (version 2.2.0).
2025-06-01 23:23:32,892 - INFO - joeynmt.model - Building an encoder-decoder model...
2025-06-01 23:23:32,967 - INFO - joeynmt.model - Enc-dec model built.
2025-06-01 23:29:36,785 - INFO - root - Hello! This is Joey-NMT (version 2.2.0).
2025-06-01 23:29:36,955 - INFO - joeynmt.model - Building an encoder-decoder model...
2025-06-01 23:29:38,282 - INFO - joeynmt.model - Enc-dec model built.
2025-06-01 23:31:20,215 - INFO - root - Hello! This is Joey-NMT (version 2.2.0).
2025-06-01 23:31:20,275 - INFO - joeynmt.model - Building an encoder-decoder model...
2025-06-01 23:31:20,345 - INFO - joeynmt.model - Enc-dec model built.
2025-06-01 23:31:32,581 - INFO - root - Hello! This is Joey-NMT (version 2.2.0).
2025-06-01 23:31:32,621 - INFO - joeynmt.model - Building an encoder-decoder model...
2025-06-01 23:31:32,734 - INFO - joeynmt.model - Enc-dec model built.
2025-06-02 00:35:37,273 - INFO - root - Hello! This is Joey-NMT (version 2.2.0).
2025-06-02 00:35:37,363 - INFO - joeynmt.model - Building an encoder-decoder model...
2025-06-02 00:35:37,440 - INFO - joeynmt.model - Enc-dec model built.
2025-06-02 00:35:37,441 - INFO - joeynmt.helpers - Loading model from D:\CL\mt-exercise-4\models\transformer_denl_bpe\91000.ckpt.
2025-06-02 00:35:38,312 - INFO - joeynmt.helpers - Load model from D:\CL\mt-exercise-4\models\transformer_denl_bpe\91000.ckpt.
2025-06-02 00:35:38,391 - INFO - joeynmt.tokenizers - de tokenizer: SubwordNMTTokenizer(level=bpe, lowercase=False, normalize=False, filter_by_length=(-1, -1), pretokenizer=none, tokenizer=BPE, separator=@@, dropout=0.0)
2025-06-02 00:35:38,391 - INFO - joeynmt.tokenizers - nl tokenizer: SubwordNMTTokenizer(level=bpe, lowercase=False, normalize=False, filter_by_length=(-1, -1), pretokenizer=none, tokenizer=BPE, separator=@@, dropout=0.0)
2025-06-02 00:35:38,481 - WARNING - joeynmt.helpers - `alpha` option is obsolete. Please use `beam_alpha`, instead.
2025-06-02 00:35:38,481 - INFO - joeynmt.prediction - Predicting 1779 example(s)... (Beam search with beam_size=3, beam_alpha=1.0, n_best=1, min_output_length=1, max_output_length=-1, return_prob='none', generate_unk=True, repetition_penalty=-1, no_repeat_ngram_size=-1)
2025-06-02 00:42:02,534 - INFO - joeynmt.prediction - Generation took 384.0241[sec]. (No references given)
